<?xml version="1.0" encoding="UTF-8"?>
<!-- Generated by org.testng.reporters.JUnitXMLReporter -->
<testsuite hostname="jgus-2k16-LB3" ignored="0" name="Test" tests="26" failures="0" timestamp="01 May 2018 01:47:05 GMT" time="244.575" errors="0">
  <testcase name="initialize" time="38.347" classname="com.webdriver.tests.HomePageTest"/>
  <testcase name="updateDataMovies" time="1.115" classname="com.webdriver.tests.HomePageTest"/>
  <testcase name="fxPage" time="0.671" classname="com.webdriver.tests.HomePageTest"/>
  <testcase name="testDataFx" time="0.46" classname="com.webdriver.tests.HomePageTest"/>
  <testcase name="testDataFx" time="0.25" classname="com.webdriver.tests.HomePageTest"/>
  <testcase name="testDataFx" time="0.23" classname="com.webdriver.tests.HomePageTest"/>
  <testcase name="testDataFx" time="0.23" classname="com.webdriver.tests.HomePageTest"/>
  <testcase name="duplicateFx" time="0.0" classname="com.webdriver.tests.HomePageTest"/>
  <testcase name="foxSportsPage" time="0.46" classname="com.webdriver.tests.HomePageTest"/>
  <testcase name="testDataFoxSports" time="0.07" classname="com.webdriver.tests.HomePageTest"/>
  <testcase name="testDataFoxSports" time="0.11" classname="com.webdriver.tests.HomePageTest"/>
  <testcase name="testDataFoxSports" time="0.08" classname="com.webdriver.tests.HomePageTest"/>
  <testcase name="testDataFoxSports" time="0.06" classname="com.webdriver.tests.HomePageTest"/>
  <testcase name="duplicateFoxSports" time="0.0" classname="com.webdriver.tests.HomePageTest"/>
  <testcase name="nationalGeographicPage" time="0.542" classname="com.webdriver.tests.HomePageTest"/>
  <testcase name="testDataNationalGeographic" time="0.662" classname="com.webdriver.tests.HomePageTest"/>
  <testcase name="testDataNationalGeographic" time="0.51" classname="com.webdriver.tests.HomePageTest"/>
  <testcase name="testDataNationalGeographic" time="0.567" classname="com.webdriver.tests.HomePageTest"/>
  <testcase name="testDataNationalGeographic" time="0.77" classname="com.webdriver.tests.HomePageTest"/>
  <testcase name="duplicateNationalGeographic" time="0.0" classname="com.webdriver.tests.HomePageTest"/>
  <testcase name="allShowsPage" time="189.33" classname="com.webdriver.tests.HomePageTest"/>
  <testcase name="testDataAllShows" time="2.57" classname="com.webdriver.tests.HomePageTest"/>
  <testcase name="testDataAllShows" time="2.429" classname="com.webdriver.tests.HomePageTest"/>
  <testcase name="testDataAllShows" time="2.287" classname="com.webdriver.tests.HomePageTest"/>
  <testcase name="testDataAllShows" time="2.502" classname="com.webdriver.tests.HomePageTest"/>
  <testcase name="duplicateAllShows" time="0.06" classname="com.webdriver.tests.HomePageTest"/>
</testsuite> <!-- Test -->
