<?xml version="1.0" encoding="UTF-8"?>
<!-- Generated by org.testng.reporters.JUnitXMLReporter -->
<testsuite hostname="jgus-2k16-LB3" ignored="0" name="Test" tests="26" failures="0" timestamp="01 May 2018 01:28:56 GMT" time="278.051" errors="0">
  <testcase name="initialize" time="70.144" classname="com.webdriver.tests.HomePageTest"/>
  <testcase name="updateDataMovies" time="1.063" classname="com.webdriver.tests.HomePageTest"/>
  <testcase name="fxPage" time="0.769" classname="com.webdriver.tests.HomePageTest"/>
  <testcase name="testDataFx" time="0.461" classname="com.webdriver.tests.HomePageTest"/>
  <testcase name="testDataFx" time="0.238" classname="com.webdriver.tests.HomePageTest"/>
  <testcase name="testDataFx" time="0.231" classname="com.webdriver.tests.HomePageTest"/>
  <testcase name="testDataFx" time="0.234" classname="com.webdriver.tests.HomePageTest"/>
  <testcase name="duplicateFx" time="0.001" classname="com.webdriver.tests.HomePageTest"/>
  <testcase name="foxSportsPage" time="0.405" classname="com.webdriver.tests.HomePageTest"/>
  <testcase name="testDataFoxSports" time="0.085" classname="com.webdriver.tests.HomePageTest"/>
  <testcase name="testDataFoxSports" time="0.111" classname="com.webdriver.tests.HomePageTest"/>
  <testcase name="testDataFoxSports" time="0.095" classname="com.webdriver.tests.HomePageTest"/>
  <testcase name="testDataFoxSports" time="0.096" classname="com.webdriver.tests.HomePageTest"/>
  <testcase name="duplicateFoxSports" time="0.0" classname="com.webdriver.tests.HomePageTest"/>
  <testcase name="nationalGeographicPage" time="0.505" classname="com.webdriver.tests.HomePageTest"/>
  <testcase name="testDataNationalGeographic" time="0.98" classname="com.webdriver.tests.HomePageTest"/>
  <testcase name="testDataNationalGeographic" time="0.654" classname="com.webdriver.tests.HomePageTest"/>
  <testcase name="testDataNationalGeographic" time="0.579" classname="com.webdriver.tests.HomePageTest"/>
  <testcase name="testDataNationalGeographic" time="0.598" classname="com.webdriver.tests.HomePageTest"/>
  <testcase name="duplicateNationalGeographic" time="0.0" classname="com.webdriver.tests.HomePageTest"/>
  <testcase name="allShowsPage" time="189.419" classname="com.webdriver.tests.HomePageTest"/>
  <testcase name="testDataAllShows" time="3.038" classname="com.webdriver.tests.HomePageTest"/>
  <testcase name="testDataAllShows" time="2.557" classname="com.webdriver.tests.HomePageTest"/>
  <testcase name="testDataAllShows" time="2.966" classname="com.webdriver.tests.HomePageTest"/>
  <testcase name="testDataAllShows" time="2.524" classname="com.webdriver.tests.HomePageTest"/>
  <testcase name="duplicateAllShows" time="0.064" classname="com.webdriver.tests.HomePageTest"/>
</testsuite> <!-- Test -->
