<?xml version="1.0" encoding="UTF-8" ?>
<testsuite tests="26" failures="0" name="TestSuite" time="277.811" errors="0" skipped="0">
  <properties>
[...]
</properties>
  <testcase classname="com.webdriver.tests.HomePageTest" name="initialize" time="70.139"/>
  <testcase classname="com.webdriver.tests.HomePageTest" name="updateDataMovies" time="1.063"/>
  <testcase classname="com.webdriver.tests.HomePageTest" name="fxPage" time="0.769"/>
  <testcase classname="com.webdriver.tests.HomePageTest" name="testDataFx" time="0.462"/>
  <testcase classname="com.webdriver.tests.HomePageTest" name="testDataFx" time="0.236"/>
  <testcase classname="com.webdriver.tests.HomePageTest" name="testDataFx" time="0.232"/>
  <testcase classname="com.webdriver.tests.HomePageTest" name="testDataFx" time="0.234"/>
  <testcase classname="com.webdriver.tests.HomePageTest" name="duplicateFx" time="0"/>
  <testcase classname="com.webdriver.tests.HomePageTest" name="foxSportsPage" time="0.406"/>
  <testcase classname="com.webdriver.tests.HomePageTest" name="testDataFoxSports" time="0.081"/>
  <testcase classname="com.webdriver.tests.HomePageTest" name="testDataFoxSports" time="0.113"/>
  <testcase classname="com.webdriver.tests.HomePageTest" name="testDataFoxSports" time="0.096"/>
  <testcase classname="com.webdriver.tests.HomePageTest" name="testDataFoxSports" time="0.095"/>
  <testcase classname="com.webdriver.tests.HomePageTest" name="duplicateFoxSports" time="0.001"/>
  <testcase classname="com.webdriver.tests.HomePageTest" name="nationalGeographicPage" time="0.505"/>
  <testcase classname="com.webdriver.tests.HomePageTest" name="testDataNationalGeographic" time="0.978"/>
  <testcase classname="com.webdriver.tests.HomePageTest" name="testDataNationalGeographic" time="0.655"/>
  <testcase classname="com.webdriver.tests.HomePageTest" name="testDataNationalGeographic" time="0.579"/>
  <testcase classname="com.webdriver.tests.HomePageTest" name="testDataNationalGeographic" time="0.598"/>
  <testcase classname="com.webdriver.tests.HomePageTest" name="duplicateNationalGeographic" time="0"/>
  <testcase classname="com.webdriver.tests.HomePageTest" name="allShowsPage" time="189.416"/>
  <testcase classname="com.webdriver.tests.HomePageTest" name="testDataAllShows" time="3.039"/>
  <testcase classname="com.webdriver.tests.HomePageTest" name="testDataAllShows" time="2.557"/>
  <testcase classname="com.webdriver.tests.HomePageTest" name="testDataAllShows" time="2.966"/>
  <testcase classname="com.webdriver.tests.HomePageTest" name="testDataAllShows" time="2.524"/>
  <testcase classname="com.webdriver.tests.HomePageTest" name="duplicateAllShows" time="0.067"/>
</testsuite>